Command line invocation:
    /Applications/Xcode.app/Contents/Developer/usr/bin/xcodebuild -project Stoic_Companion/Stoic_Companion.xcodeproj -scheme "Stoic_Companion Watch App" -destination "platform=watchOS Simulator,name=Apple Watch Series 9" build

2026-01-19 13:47:38.449 xcodebuild[2393:1776215] [MT] IDERunDestination: Supported platforms for the buildables in the current scheme is empty.
ComputePackagePrebuildTargetDependencyGraph

Prepare packages

CreateBuildRequest

SendProjectDescription

CreateBuildOperation

ComputeTargetDependencyGraph
note: Building targets in dependency order
note: Target dependency graph (2 targets)
    Target 'Stoic_Companion' in project 'Stoic_Companion'
        âžœ Explicit dependency on target 'Stoic_Companion Watch App' in project 'Stoic_Companion'
    Target 'Stoic_Companion Watch App' in project 'Stoic_Companion' (no dependencies)

GatherProvisioningInputs

CreateBuildDescription

ExecuteExternalTool /Applications/Xcode.app/Contents/Developer/Toolchains/XcodeDefault.xctoolchain/usr/bin/clang -v -E -dM -isysroot /Applications/Xcode.app/Contents/Developer/Platforms/WatchSimulator.platform/Developer/SDKs/WatchSimulator26.2.sdk -x c -c /dev/null

ExecuteExternalTool /Applications/Xcode.app/Contents/Developer/usr/bin/actool --print-asset-tag-combinations --output-format xml1 /Users/matheusrech/Downloads/antigtravity/StoicCompanion/Stoic_Companion/Stoic_Companion Watch App/Assets.xcassets

ExecuteExternalTool /Applications/Xcode.app/Contents/Developer/Toolchains/XcodeDefault.xctoolchain/usr/bin/clang -v -E -dM -isysroot /Applications/Xcode.app/Contents/Developer/Platforms/iPhoneSimulator.platform/Developer/SDKs/iPhoneSimulator26.2.sdk -x c -c /dev/null

ExecuteExternalTool /Applications/Xcode.app/Contents/Developer/usr/bin/actool --version --output-format xml1

ExecuteExternalTool /Applications/Xcode.app/Contents/Developer/Toolchains/XcodeDefault.xctoolchain/usr/bin/swiftc --version

ExecuteExternalTool /Applications/Xcode.app/Contents/Developer/Toolchains/XcodeDefault.xctoolchain/usr/bin/ld -version_details

Build description signature: 36ad3f6a22428ab314bbc36780d18234
Build description path: /Users/matheusrech/Library/Developer/Xcode/DerivedData/Stoic_Companion-adgxypzlwlmgincoxyzqezjxixfr/Build/Intermediates.noindex/XCBuildData/36ad3f6a22428ab314bbc36780d18234.xcbuilddata
ClangStatCache /Applications/Xcode.app/Contents/Developer/Toolchains/XcodeDefault.xctoolchain/usr/bin/clang-stat-cache /Applications/Xcode.app/Contents/Developer/Platforms/WatchSimulator.platform/Developer/SDKs/WatchSimulator26.2.sdk /Users/matheusrech/Library/Developer/Xcode/DerivedData/SDKStatCaches.noindex/watchsimulator26.2-23S303-963ebdd26732d23a23bcca82c2045e26.sdkstatcache
    cd /Users/matheusrech/Downloads/antigtravity/StoicCompanion/Stoic_Companion/Stoic_Companion.xcodeproj
    /Applications/Xcode.app/Contents/Developer/Toolchains/XcodeDefault.xctoolchain/usr/bin/clang-stat-cache /Applications/Xcode.app/Contents/Developer/Platforms/WatchSimulator.platform/Developer/SDKs/WatchSimulator26.2.sdk -o /Users/matheusrech/Library/Developer/Xcode/DerivedData/SDKStatCaches.noindex/watchsimulator26.2-23S303-963ebdd26732d23a23bcca82c2045e26.sdkstatcache

ProcessProductPackaging /Users/matheusrech/Downloads/antigtravity/StoicCompanion/Stoic_Companion/Stoic_Companion\ Watch\ App/Stoic_Companion.entitlements /Users/matheusrech/Library/Developer/Xcode/DerivedData/Stoic_Companion-adgxypzlwlmgincoxyzqezjxixfr/Build/Intermediates.noindex/Stoic_Companion.build/Debug-watchsimulator/Stoic_Companion\ Watch\ App.build/Stoic_Companion\ Watch\ App.app.xcent (in target 'Stoic_Companion Watch App' from project 'Stoic_Companion')
    cd /Users/matheusrech/Downloads/antigtravity/StoicCompanion/Stoic_Companion
    
    Entitlements:
    
    {
}
    
    builtin-productPackagingUtility /Users/matheusrech/Downloads/antigtravity/StoicCompanion/Stoic_Companion/Stoic_Companion\ Watch\ App/Stoic_Companion.entitlements -entitlements -format xml -o /Users/matheusrech/Library/Developer/Xcode/DerivedData/Stoic_Companion-adgxypzlwlmgincoxyzqezjxixfr/Build/Intermediates.noindex/Stoic_Companion.build/Debug-watchsimulator/Stoic_Companion\ Watch\ App.build/Stoic_Companion\ Watch\ App.app.xcent

ProcessProductPackaging /Users/matheusrech/Downloads/antigtravity/StoicCompanion/Stoic_Companion/Stoic_Companion\ Watch\ App/Stoic_Companion.entitlements /Users/matheusrech/Library/Developer/Xcode/DerivedData/Stoic_Companion-adgxypzlwlmgincoxyzqezjxixfr/Build/Intermediates.noindex/Stoic_Companion.build/Debug-watchsimulator/Stoic_Companion\ Watch\ App.build/Stoic_Companion\ Watch\ App.app-Simulated.xcent (in target 'Stoic_Companion Watch App' from project 'Stoic_Companion')
    cd /Users/matheusrech/Downloads/antigtravity/StoicCompanion/Stoic_Companion
    
    Entitlements:
    
    {
    "application-identifier" = "Z2U6JRPZ53.com.stoic.companion.watchkitapp";
    "com.apple.developer.healthkit" = 1;
    "com.apple.developer.healthkit.access" =     (
        "health-records"
    );
}
    
    builtin-productPackagingUtility /Users/matheusrech/Downloads/antigtravity/StoicCompanion/Stoic_Companion/Stoic_Companion\ Watch\ App/Stoic_Companion.entitlements -entitlements -format xml -o /Users/matheusrech/Library/Developer/Xcode/DerivedData/Stoic_Companion-adgxypzlwlmgincoxyzqezjxixfr/Build/Intermediates.noindex/Stoic_Companion.build/Debug-watchsimulator/Stoic_Companion\ Watch\ App.build/Stoic_Companion\ Watch\ App.app-Simulated.xcent

ProcessProductPackagingDER /Users/matheusrech/Library/Developer/Xcode/DerivedData/Stoic_Companion-adgxypzlwlmgincoxyzqezjxixfr/Build/Intermediates.noindex/Stoic_Companion.build/Debug-watchsimulator/Stoic_Companion\ Watch\ App.build/Stoic_Companion\ Watch\ App.app-Simulated.xcent /Users/matheusrech/Library/Developer/Xcode/DerivedData/Stoic_Companion-adgxypzlwlmgincoxyzqezjxixfr/Build/Intermediates.noindex/Stoic_Companion.build/Debug-watchsimulator/Stoic_Companion\ Watch\ App.build/Stoic_Companion\ Watch\ App.app-Simulated.xcent.der (in target 'Stoic_Companion Watch App' from project 'Stoic_Companion')
    cd /Users/matheusrech/Downloads/antigtravity/StoicCompanion/Stoic_Companion
    /usr/bin/derq query -f xml -i /Users/matheusrech/Library/Developer/Xcode/DerivedData/Stoic_Companion-adgxypzlwlmgincoxyzqezjxixfr/Build/Intermediates.noindex/Stoic_Companion.build/Debug-watchsimulator/Stoic_Companion\ Watch\ App.build/Stoic_Companion\ Watch\ App.app-Simulated.xcent -o /Users/matheusrech/Library/Developer/Xcode/DerivedData/Stoic_Companion-adgxypzlwlmgincoxyzqezjxixfr/Build/Intermediates.noindex/Stoic_Companion.build/Debug-watchsimulator/Stoic_Companion\ Watch\ App.build/Stoic_Companion\ Watch\ App.app-Simulated.xcent.der --raw

ProcessProductPackagingDER /Users/matheusrech/Library/Developer/Xcode/DerivedData/Stoic_Companion-adgxypzlwlmgincoxyzqezjxixfr/Build/Intermediates.noindex/Stoic_Companion.build/Debug-watchsimulator/Stoic_Companion\ Watch\ App.build/Stoic_Companion\ Watch\ App.app.xcent /Users/matheusrech/Library/Developer/Xcode/DerivedData/Stoic_Companion-adgxypzlwlmgincoxyzqezjxixfr/Build/Intermediates.noindex/Stoic_Companion.build/Debug-watchsimulator/Stoic_Companion\ Watch\ App.build/Stoic_Companion\ Watch\ App.app.xcent.der (in target 'Stoic_Companion Watch App' from project 'Stoic_Companion')
    cd /Users/matheusrech/Downloads/antigtravity/StoicCompanion/Stoic_Companion
    /usr/bin/derq query -f xml -i /Users/matheusrech/Library/Developer/Xcode/DerivedData/Stoic_Companion-adgxypzlwlmgincoxyzqezjxixfr/Build/Intermediates.noindex/Stoic_Companion.build/Debug-watchsimulator/Stoic_Companion\ Watch\ App.build/Stoic_Companion\ Watch\ App.app.xcent -o /Users/matheusrech/Library/Developer/Xcode/DerivedData/Stoic_Companion-adgxypzlwlmgincoxyzqezjxixfr/Build/Intermediates.noindex/Stoic_Companion.build/Debug-watchsimulator/Stoic_Companion\ Watch\ App.build/Stoic_Companion\ Watch\ App.app.xcent.der --raw

CompileAssetCatalogVariant thinned /Users/matheusrech/Library/Developer/Xcode/DerivedData/Stoic_Companion-adgxypzlwlmgincoxyzqezjxixfr/Build/Products/Debug-watchsimulator/Stoic_Companion\ Watch\ App.app /Users/matheusrech/Downloads/antigtravity/StoicCompanion/Stoic_Companion/Stoic_Companion\ Watch\ App/Assets.xcassets (in target 'Stoic_Companion Watch App' from project 'Stoic_Companion')
    cd /Users/matheusrech/Downloads/antigtravity/StoicCompanion/Stoic_Companion
    /Applications/Xcode.app/Contents/Developer/usr/bin/actool /Users/matheusrech/Downloads/antigtravity/StoicCompanion/Stoic_Companion/Stoic_Companion\ Watch\ App/Assets.xcassets --compile /Users/matheusrech/Library/Developer/Xcode/DerivedData/Stoic_Companion-adgxypzlwlmgincoxyzqezjxixfr/Build/Intermediates.noindex/Stoic_Companion.build/Debug-watchsimulator/Stoic_Companion\ Watch\ App.build/assetcatalog_output/thinned --output-format human-readable-text --notices --warnings --export-dependency-info /Users/matheusrech/Library/Developer/Xcode/DerivedData/Stoic_Companion-adgxypzlwlmgincoxyzqezjxixfr/Build/Intermediates.noindex/Stoic_Companion.build/Debug-watchsimulator/Stoic_Companion\ Watch\ App.build/assetcatalog_dependencies_thinned --output-partial-info-plist /Users/matheusrech/Library/Developer/Xcode/DerivedData/Stoic_Companion-adgxypzlwlmgincoxyzqezjxixfr/Build/Intermediates.noindex/Stoic_Companion.build/Debug-watchsimulator/Stoic_Companion\ Watch\ App.build/assetcatalog_generated_info.plist_thinned --app-icon AppIcon --accent-color AccentColor --compress-pngs --enable-on-demand-resources YES --filter-for-thinning-device-configuration iPhone16,1 --filter-for-device-os-version 26.2 --development-region en --target-device watch --minimum-deployment-target 10.0 --platform watchsimulator

SwiftDriver Stoic_Companion\ Watch\ App normal arm64 com.apple.xcode.tools.swift.compiler (in target 'Stoic_Companion Watch App' from project 'Stoic_Companion')
    cd /Users/matheusrech/Downloads/antigtravity/StoicCompanion/Stoic_Companion
    builtin-SwiftDriver -- /Applications/Xcode.app/Contents/Developer/Toolchains/XcodeDefault.xctoolchain/usr/bin/swiftc -module-name Stoic_Companion_Watch_App -Onone -enforce-exclusivity\=checked @/Users/matheusrech/Library/Developer/Xcode/DerivedData/Stoic_Companion-adgxypzlwlmgincoxyzqezjxixfr/Build/Intermediates.noindex/Stoic_Companion.build/Debug-watchsimulator/Stoic_Companion\ Watch\ App.build/Objects-normal/arm64/Stoic_Companion\ Watch\ App.SwiftFileList -DDEBUG -default-isolation\=MainActor -enable-bare-slash-regex -enable-upcoming-feature DisableOutwardActorInference -enable-upcoming-feature InferSendableFromCaptures -enable-upcoming-feature GlobalActorIsolatedTypesUsability -enable-upcoming-feature MemberImportVisibility -enable-upcoming-feature InferIsolatedConformances -enable-upcoming-feature NonisolatedNonsendingByDefault -enable-experimental-feature DebugDescriptionMacro -sdk /Applications/Xcode.app/Contents/Developer/Platforms/WatchSimulator.platform/Developer/SDKs/WatchSimulator26.2.sdk -target arm64-apple-watchos10.0-simulator -g -module-cache-path /Users/matheusrech/Library/Developer/Xcode/DerivedData/ModuleCache.noindex -Xfrontend -serialize-debugging-options -profile-coverage-mapping -profile-generate -enable-testing -index-store-path /Users/matheusrech/Library/Developer/Xcode/DerivedData/Stoic_Companion-adgxypzlwlmgincoxyzqezjxixfr/Index.noindex/DataStore -Xcc -D_LIBCPP_HARDENING_MODE\=_LIBCPP_HARDENING_MODE_DEBUG -swift-version 5 -I /Users/matheusrech/Library/Developer/Xcode/DerivedData/Stoic_Companion-adgxypzlwlmgincoxyzqezjxixfr/Build/Products/Debug-watchsimulator -F /Users/matheusrech/Library/Developer/Xcode/DerivedData/Stoic_Companion-adgxypzlwlmgincoxyzqezjxixfr/Build/Products/Debug-watchsimulator -emit-localized-strings -emit-localized-strings-path /Users/matheusrech/Library/Developer/Xcode/DerivedData/Stoic_Companion-adgxypzlwlmgincoxyzqezjxixfr/Build/Intermediates.noindex/Stoic_Companion.build/Debug-watchsimulator/Stoic_Companion\ Watch\ App.build/Objects-normal/arm64 -c -j10 -enable-batch-mode -incremental -Xcc -ivfsstatcache -Xcc /Users/matheusrech/Library/Developer/Xcode/DerivedData/SDKStatCaches.noindex/watchsimulator26.2-23S303-963ebdd26732d23a23bcca82c2045e26.sdkstatcache -output-file-map /Users/matheusrech/Library/Developer/Xcode/DerivedData/Stoic_Companion-adgxypzlwlmgincoxyzqezjxixfr/Build/Intermediates.noindex/Stoic_Companion.build/Debug-watchsimulator/Stoic_Companion\ Watch\ App.build/Objects-normal/arm64/Stoic_Companion\ Watch\ App-OutputFileMap.json -use-frontend-parseable-output -save-temps -no-color-diagnostics -explicit-module-build -module-cache-path /Users/matheusrech/Library/Developer/Xcode/DerivedData/Stoic_Companion-adgxypzlwlmgincoxyzqezjxixfr/Build/Intermediates.noindex/SwiftExplicitPrecompiledModules -clang-scanner-module-cache-path /Users/matheusrech/Library/Developer/Xcode/DerivedData/ModuleCache.noindex -sdk-module-cache-path /Users/matheusrech/Library/Developer/Xcode/DerivedData/ModuleCache.noindex -serialize-diagnostics -emit-dependencies -emit-module -emit-module-path /Users/matheusrech/Library/Developer/Xcode/DerivedData/Stoic_Companion-adgxypzlwlmgincoxyzqezjxixfr/Build/Intermediates.noindex/Stoic_Companion.build/Debug-watchsimulator/Stoic_Companion\ Watch\ App.build/Objects-normal/arm64/Stoic_Companion_Watch_App.swiftmodule -validate-clang-modules-once -clang-build-session-file /Users/matheusrech/Library/Developer/Xcode/DerivedData/ModuleCache.noindex/Session.modulevalidation -Xcc -I/Users/matheusrech/Library/Developer/Xcode/DerivedData/Stoic_Companion-adgxypzlwlmgincoxyzqezjxixfr/Build/Intermediates.noindex/Stoic_Companion.build/Debug-watchsimulator/Stoic_Companion\ Watch\ App.build/swift-overrides.hmap -emit-const-values -Xfrontend -const-gather-protocols-file -Xfrontend /Users/matheusrech/Library/Developer/Xcode/DerivedData/Stoic_Companion-adgxypzlwlmgincoxyzqezjxixfr/Build/Intermediates.noindex/Stoic_Companion.build/Debug-watchsimulator/Stoic_Companion\ Watch\ App.build/Objects-normal/arm64/Stoic_Companion\ Watch\ App_const_extract_protocols.json -Xcc -iquote -Xcc /Users/matheusrech/Library/Developer/Xcode/DerivedData/Stoic_Companion-adgxypzlwlmgincoxyzqezjxixfr/Build/Intermediates.noindex/Stoic_Companion.build/Debug-watchsimulator/Stoic_Companion\ Watch\ App.build/Stoic_Companion\ Watch\ App-generated-files.hmap -Xcc -I/Users/matheusrech/Library/Developer/Xcode/DerivedData/Stoic_Companion-adgxypzlwlmgincoxyzqezjxixfr/Build/Intermediates.noindex/Stoic_Companion.build/Debug-watchsimulator/Stoic_Companion\ Watch\ App.build/Stoic_Companion\ Watch\ App-own-target-headers.hmap -Xcc -I/Users/matheusrech/Library/Developer/Xcode/DerivedData/Stoic_Companion-adgxypzlwlmgincoxyzqezjxixfr/Build/Intermediates.noindex/Stoic_Companion.build/Debug-watchsimulator/Stoic_Companion\ Watch\ App.build/Stoic_Companion\ Watch\ App-all-target-headers.hmap -Xcc -iquote -Xcc /Users/matheusrech/Library/Developer/Xcode/DerivedData/Stoic_Companion-adgxypzlwlmgincoxyzqezjxixfr/Build/Intermediates.noindex/Stoic_Companion.build/Debug-watchsimulator/Stoic_Companion\ Watch\ App.build/Stoic_Companion\ Watch\ App-project-headers.hmap -Xcc -I/Users/matheusrech/Library/Developer/Xcode/DerivedData/Stoic_Companion-adgxypzlwlmgincoxyzqezjxixfr/Build/Products/Debug-watchsimulator/include -Xcc -I/Users/matheusrech/Library/Developer/Xcode/DerivedData/Stoic_Companion-adgxypzlwlmgincoxyzqezjxixfr/Build/Intermediates.noindex/Stoic_Companion.build/Debug-watchsimulator/Stoic_Companion\ Watch\ App.build/DerivedSources-normal/arm64 -Xcc -I/Users/matheusrech/Library/Developer/Xcode/DerivedData/Stoic_Companion-adgxypzlwlmgincoxyzqezjxixfr/Build/Intermediates.noindex/Stoic_Companion.build/Debug-watchsimulator/Stoic_Companion\ Watch\ App.build/DerivedSources/arm64 -Xcc -I/Users/matheusrech/Library/Developer/Xcode/DerivedData/Stoic_Companion-adgxypzlwlmgincoxyzqezjxixfr/Build/Intermediates.noindex/Stoic_Companion.build/Debug-watchsimulator/Stoic_Companion\ Watch\ App.build/DerivedSources -Xcc -DDEBUG\=1 -emit-objc-header -emit-objc-header-path /Users/matheusrech/Library/Developer/Xcode/DerivedData/Stoic_Companion-adgxypzlwlmgincoxyzqezjxixfr/Build/Intermediates.noindex/Stoic_Companion.build/Debug-watchsimulator/Stoic_Companion\ Watch\ App.build/Objects-normal/arm64/Stoic_Companion_Watch_App-Swift.h -working-directory /Users/matheusrech/Downloads/antigtravity/StoicCompanion/Stoic_Companion -experimental-emit-module-separately -disable-cmo

SwiftDriver Stoic_Companion\ Watch\ App normal x86_64 com.apple.xcode.tools.swift.compiler (in target 'Stoic_Companion Watch App' from project 'Stoic_Companion')
    cd /Users/matheusrech/Downloads/antigtravity/StoicCompanion/Stoic_Companion
    builtin-SwiftDriver -- /Applications/Xcode.app/Contents/Developer/Toolchains/XcodeDefault.xctoolchain/usr/bin/swiftc -module-name Stoic_Companion_Watch_App -Onone -enforce-exclusivity\=checked @/Users/matheusrech/Library/Developer/Xcode/DerivedData/Stoic_Companion-adgxypzlwlmgincoxyzqezjxixfr/Build/Intermediates.noindex/Stoic_Companion.build/Debug-watchsimulator/Stoic_Companion\ Watch\ App.build/Objects-normal/x86_64/Stoic_Companion\ Watch\ App.SwiftFileList -DDEBUG -default-isolation\=MainActor -enable-bare-slash-regex -enable-upcoming-feature DisableOutwardActorInference -enable-upcoming-feature InferSendableFromCaptures -enable-upcoming-feature GlobalActorIsolatedTypesUsability -enable-upcoming-feature MemberImportVisibility -enable-upcoming-feature InferIsolatedConformances -enable-upcoming-feature NonisolatedNonsendingByDefault -enable-experimental-feature DebugDescriptionMacro -sdk /Applications/Xcode.app/Contents/Developer/Platforms/WatchSimulator.platform/Developer/SDKs/WatchSimulator26.2.sdk -target x86_64-apple-watchos10.0-simulator -g -module-cache-path /Users/matheusrech/Library/Developer/Xcode/DerivedData/ModuleCache.noindex -Xfrontend -serialize-debugging-options -profile-coverage-mapping -profile-generate -enable-testing -index-store-path /Users/matheusrech/Library/Developer/Xcode/DerivedData/Stoic_Companion-adgxypzlwlmgincoxyzqezjxixfr/Index.noindex/DataStore -Xcc -D_LIBCPP_HARDENING_MODE\=_LIBCPP_HARDENING_MODE_DEBUG -swift-version 5 -I /Users/matheusrech/Library/Developer/Xcode/DerivedData/Stoic_Companion-adgxypzlwlmgincoxyzqezjxixfr/Build/Products/Debug-watchsimulator -F /Users/matheusrech/Library/Developer/Xcode/DerivedData/Stoic_Companion-adgxypzlwlmgincoxyzqezjxixfr/Build/Products/Debug-watchsimulator -emit-localized-strings -emit-localized-strings-path /Users/matheusrech/Library/Developer/Xcode/DerivedData/Stoic_Companion-adgxypzlwlmgincoxyzqezjxixfr/Build/Intermediates.noindex/Stoic_Companion.build/Debug-watchsimulator/Stoic_Companion\ Watch\ App.build/Objects-normal/x86_64 -c -j10 -enable-batch-mode -incremental -Xcc -ivfsstatcache -Xcc /Users/matheusrech/Library/Developer/Xcode/DerivedData/SDKStatCaches.noindex/watchsimulator26.2-23S303-963ebdd26732d23a23bcca82c2045e26.sdkstatcache -output-file-map /Users/matheusrech/Library/Developer/Xcode/DerivedData/Stoic_Companion-adgxypzlwlmgincoxyzqezjxixfr/Build/Intermediates.noindex/Stoic_Companion.build/Debug-watchsimulator/Stoic_Companion\ Watch\ App.build/Objects-normal/x86_64/Stoic_Companion\ Watch\ App-OutputFileMap.json -use-frontend-parseable-output -save-temps -no-color-diagnostics -explicit-module-build -module-cache-path /Users/matheusrech/Library/Developer/Xcode/DerivedData/Stoic_Companion-adgxypzlwlmgincoxyzqezjxixfr/Build/Intermediates.noindex/SwiftExplicitPrecompiledModules -clang-scanner-module-cache-path /Users/matheusrech/Library/Developer/Xcode/DerivedData/ModuleCache.noindex -sdk-module-cache-path /Users/matheusrech/Library/Developer/Xcode/DerivedData/ModuleCache.noindex -serialize-diagnostics -emit-dependencies -emit-module -emit-module-path /Users/matheusrech/Library/Developer/Xcode/DerivedData/Stoic_Companion-adgxypzlwlmgincoxyzqezjxixfr/Build/Intermediates.noindex/Stoic_Companion.build/Debug-watchsimulator/Stoic_Companion\ Watch\ App.build/Objects-normal/x86_64/Stoic_Companion_Watch_App.swiftmodule -validate-clang-modules-once -clang-build-session-file /Users/matheusrech/Library/Developer/Xcode/DerivedData/ModuleCache.noindex/Session.modulevalidation -Xcc -I/Users/matheusrech/Library/Developer/Xcode/DerivedData/Stoic_Companion-adgxypzlwlmgincoxyzqezjxixfr/Build/Intermediates.noindex/Stoic_Companion.build/Debug-watchsimulator/Stoic_Companion\ Watch\ App.build/swift-overrides.hmap -emit-const-values -Xfrontend -const-gather-protocols-file -Xfrontend /Users/matheusrech/Library/Developer/Xcode/DerivedData/Stoic_Companion-adgxypzlwlmgincoxyzqezjxixfr/Build/Intermediates.noindex/Stoic_Companion.build/Debug-watchsimulator/Stoic_Companion\ Watch\ App.build/Objects-normal/x86_64/Stoic_Companion\ Watch\ App_const_extract_protocols.json -Xcc -iquote -Xcc /Users/matheusrech/Library/Developer/Xcode/DerivedData/Stoic_Companion-adgxypzlwlmgincoxyzqezjxixfr/Build/Intermediates.noindex/Stoic_Companion.build/Debug-watchsimulator/Stoic_Companion\ Watch\ App.build/Stoic_Companion\ Watch\ App-generated-files.hmap -Xcc -I/Users/matheusrech/Library/Developer/Xcode/DerivedData/Stoic_Companion-adgxypzlwlmgincoxyzqezjxixfr/Build/Intermediates.noindex/Stoic_Companion.build/Debug-watchsimulator/Stoic_Companion\ Watch\ App.build/Stoic_Companion\ Watch\ App-own-target-headers.hmap -Xcc -I/Users/matheusrech/Library/Developer/Xcode/DerivedData/Stoic_Companion-adgxypzlwlmgincoxyzqezjxixfr/Build/Intermediates.noindex/Stoic_Companion.build/Debug-watchsimulator/Stoic_Companion\ Watch\ App.build/Stoic_Companion\ Watch\ App-all-target-headers.hmap -Xcc -iquote -Xcc /Users/matheusrech/Library/Developer/Xcode/DerivedData/Stoic_Companion-adgxypzlwlmgincoxyzqezjxixfr/Build/Intermediates.noindex/Stoic_Companion.build/Debug-watchsimulator/Stoic_Companion\ Watch\ App.build/Stoic_Companion\ Watch\ App-project-headers.hmap -Xcc -I/Users/matheusrech/Library/Developer/Xcode/DerivedData/Stoic_Companion-adgxypzlwlmgincoxyzqezjxixfr/Build/Products/Debug-watchsimulator/include -Xcc -I/Users/matheusrech/Library/Developer/Xcode/DerivedData/Stoic_Companion-adgxypzlwlmgincoxyzqezjxixfr/Build/Intermediates.noindex/Stoic_Companion.build/Debug-watchsimulator/Stoic_Companion\ Watch\ App.build/DerivedSources-normal/x86_64 -Xcc -I/Users/matheusrech/Library/Developer/Xcode/DerivedData/Stoic_Companion-adgxypzlwlmgincoxyzqezjxixfr/Build/Intermediates.noindex/Stoic_Companion.build/Debug-watchsimulator/Stoic_Companion\ Watch\ App.build/DerivedSources/x86_64 -Xcc -I/Users/matheusrech/Library/Developer/Xcode/DerivedData/Stoic_Companion-adgxypzlwlmgincoxyzqezjxixfr/Build/Intermediates.noindex/Stoic_Companion.build/Debug-watchsimulator/Stoic_Companion\ Watch\ App.build/DerivedSources -Xcc -DDEBUG\=1 -emit-objc-header -emit-objc-header-path /Users/matheusrech/Library/Developer/Xcode/DerivedData/Stoic_Companion-adgxypzlwlmgincoxyzqezjxixfr/Build/Intermediates.noindex/Stoic_Companion.build/Debug-watchsimulator/Stoic_Companion\ Watch\ App.build/Objects-normal/x86_64/Stoic_Companion_Watch_App-Swift.h -working-directory /Users/matheusrech/Downloads/antigtravity/StoicCompanion/Stoic_Companion -experimental-emit-module-separately -disable-cmo

SwiftCompile normal x86_64 Compiling\ NotificationManager.swift,\ SOSPanicView.swift,\ Config.swift /Users/matheusrech/Downloads/antigtravity/StoicCompanion/Stoic_Companion/Stoic_Companion\ Watch\ App/NotificationManager.swift /Users/matheusrech/Downloads/antigtravity/StoicCompanion/Stoic_Companion/Stoic_Companion\ Watch\ App/SOSPanicView.swift /Users/matheusrech/Downloads/antigtravity/StoicCompanion/Stoic_Companion/Stoic_Companion\ Watch\ App/Config.swift (in target 'Stoic_Companion Watch App' from project 'Stoic_Companion')
SwiftCompile normal x86_64 /Users/matheusrech/Downloads/antigtravity/StoicCompanion/Stoic_Companion/Stoic_Companion\ Watch\ App/NotificationManager.swift (in target 'Stoic_Companion Watch App' from project 'Stoic_Companion')
    cd /Users/matheusrech/Downloads/antigtravity/StoicCompanion/Stoic_Companion
    

SwiftCompile normal x86_64 /Users/matheusrech/Downloads/antigtravity/StoicCompanion/Stoic_Companion/Stoic_Companion\ Watch\ App/SOSPanicView.swift (in target 'Stoic_Companion Watch App' from project 'Stoic_Companion')
    cd /Users/matheusrech/Downloads/antigtravity/StoicCompanion/Stoic_Companion
    

SwiftCompile normal x86_64 /Users/matheusrech/Downloads/antigtravity/StoicCompanion/Stoic_Companion/Stoic_Companion\ Watch\ App/Config.swift (in target 'Stoic_Companion Watch App' from project 'Stoic_Companion')
    cd /Users/matheusrech/Downloads/antigtravity/StoicCompanion/Stoic_Companion
    

SwiftCompile normal x86_64 Compiling\ ComplicationController.swift,\ ToolsGridView.swift,\ OpenAIService.swift /Users/matheusrech/Downloads/antigtravity/StoicCompanion/Stoic_Companion/Stoic_Companion\ Watch\ App/ComplicationController.swift /Users/matheusrech/Downloads/antigtravity/StoicCompanion/Stoic_Companion/Stoic_Companion\ Watch\ App/ToolsGridView.swift /Users/matheusrech/Downloads/antigtravity/StoicCompanion/Stoic_Companion/Stoic_Companion\ Watch\ App/OpenAIService.swift (in target 'Stoic_Companion Watch App' from project 'Stoic_Companion')
Failed frontend command:
/Applications/Xcode.app/Contents/Developer/Toolchains/XcodeDefault.xctoolchain/usr/bin/swift-frontend -frontend -c /Users/matheusrech/Downloads/antigtravity/StoicCompanion/Stoic_Companion/Stoic_Companion\ Watch\ App/MementoMoriView.swift /Users/matheusrech/Downloads/antigtravity/StoicCompanion/Stoic_Companion/Stoic_Companion\ Watch\ App/BreathingView.swift /Users/matheusrech/Downloads/antigtravity/StoicCompanion/Stoic_Companion/Stoic_Companion\ Watch\ App/NegativeVisualizationView.swift /Users/matheusrech/Downloads/antigtravity/StoicCompanion/Stoic_Companion/Stoic_Companion\ Watch\ App/FavoritesView.swift /Users/matheusrech/Downloads/antigtravity/StoicCompanion/Stoic_Companion/Stoic_Companion\ Watch\ App/SettingsView.swift /Users/matheusrech/Downloads/antigtravity/StoicCompanion/Stoic_Companion/Stoic_Companion\ Watch\ App/EveningAuditView.swift -primary-file /Users/matheusrech/Downloads/antigtravity/StoicCompanion/Stoic_Companion/Stoic_Companion\ Watch\ App/ComplicationController.swift -primary-file /Users/matheusrech/Downloads/antigtravity/StoicCompanion/Stoic_Companion/Stoic_Companion\ Watch\ App/ToolsGridView.swift -primary-file /Users/matheusrech/Downloads/antigtravity/StoicCompanion/Stoic_Companion/Stoic_Companion\ Watch\ App/OpenAIService.swift /Users/matheusrech/Downloads/antigtravity/StoicCompanion/Stoic_Companion/Stoic_Companion\ Watch\ App/NotificationManager.swift /Users/matheusrech/Downloads/antigtravity/StoicCompanion/Stoic_Companion/Stoic_Companion\ Watch\ App/SOSPanicView.swift /Users/matheusrech/Downloads/antigtravity/StoicCompanion/Stoic_Companion/Stoic_Companion\ Watch\ App/Config.swift /Users/matheusrech/Downloads/antigtravity/StoicCompanion/Stoic_Companion/Stoic_Companion\ Watch\ App/LLMServiceFactory.swift /Users/matheusrech/Downloads/antigtravity/StoicCompanion/Stoic_Companion/Stoic_Companion\ Watch\ App/GeminiService.swift /Users/matheusrech/Downloads/antigtravity/StoicCompanion/Stoic_Companion/Stoic_Companion\ Watch\ App/PersistenceManager.swift /Users/matheusrech/Downloads/antigtravity/StoicCompanion/Stoic_Companion/Stoic_Companion\ Watch\ App/JournalView.swift /Users/matheusrech/Downloads/antigtravity/StoicCompanion/Stoic_Companion/Stoic_Companion\ Watch\ App/VirtueLoggingView.swift /Users/matheusrech/Downloads/antigtravity/StoicCompanion/Stoic_Companion/Stoic_Companion\ Watch\ App/StoicIntents.swift /Users/matheusrech/Downloads/antigtravity/StoicCompanion/Stoic_Companion/Stoic_Companion\ Watch\ App/ClaudeService.swift /Users/matheusrech/Downloads/antigtravity/StoicCompanion/Stoic_Companion/Stoic_Companion\ Watch\ App/ChallengesView.swift /Users/matheusrech/Downloads/antigtravity/StoicCompanion/Stoic_Companion/Stoic_Companion\ Watch\ App/LLMService.swift /Users/matheusrech/Downloads/antigtravity/StoicCompanion/Stoic_Companion/Stoic_Companion\ Watch\ App/ConsultMarcusView.swift /Users/matheusrech/Downloads/antigtravity/StoicCompanion/Stoic_Companion/Stoic_Companion\ Watch\ App/TomorrowFocusView.swift /Users/matheusrech/Downloads/antigtravity/StoicCompanion/Stoic_Companion/Stoic_Companion\ Watch\ App/HistoryView.swift /Users/matheusrech/Downloads/antigtravity/StoicCompanion/Stoic_Companion/Stoic_Companion\ Watch\ App/Stoic_CompanionApp.swift /Users/matheusrech/Downloads/antigtravity/StoicCompanion/Stoic_Companion/Stoic_Companion\ Watch\ App/ContentView.swift /Users/matheusrech/Library/Developer/Xcode/DerivedData/Stoic_Companion-adgxypzlwlmgincoxyzqezjxixfr/Build/Intermediates.noindex/Stoic_Companion.build/Debug-watchsimulator/Stoic_Companion\ Watch\ App.build/DerivedSources/GeneratedAssetSymbols.swift -supplementary-output-file-map /Users/matheusrech/Library/Developer/Xcode/DerivedData/Stoic_Companion-adgxypzlwlmgincoxyzqezjxixfr/Build/Intermediates.noindex/Stoic_Companion.build/Debug-watchsimulator/Stoic_Companion\ Watch\ App.build/Objects-normal/x86_64/supplementaryOutputs-5 -emit-localized-strings -emit-localized-strings-path /Users/matheusrech/Library/Developer/Xcode/DerivedData/Stoic_Companion-adgxypzlwlmgincoxyzqezjxixfr/Build/Intermediates.noindex/Stoic_Companion.build/Debug-watchsimulator/Stoic_Companion\ Watch\ App.build/Objects-normal/x86_64 -target x86_64-apple-watchos10.0-simulator -module-can-import-version DeveloperToolsSupport 23.0.4 23.0.4 -module-can-import-version SwiftUI 7.2.5.1 7.2.5 -module-can-import-version UIKit 9126.2.4 9126.2.4 -disable-cross-import-overlay-search -swift-module-cross-import AppIntents /Applications/Xcode.app/Contents/Developer/Platforms/WatchSimulator.platform/Developer/SDKs/WatchSimulator.sdk/System/Library/Frameworks/AppIntents.framework/Modules/AppIntents.swiftcrossimport/SwiftUI.swiftoverlay -swift-module-cross-import AppIntents /Applications/Xcode.app/Contents/Developer/Platforms/WatchSimulator.platform/Developer/SDKs/WatchSimulator.sdk/System/Library/Frameworks/AppIntents.framework/Modules/AppIntents.swiftcrossimport/UIKit.swiftoverlay -swift-module-cross-import AppIntents /Applications/Xcode.app/Contents/Developer/Platforms/WatchSimulator.platform/Developer/SDKs/WatchSimulator26.2.sdk/System/Library/Frameworks/AppIntents.framework/Modules/AppIntents.swiftcrossimport/SwiftUI.swiftoverlay -swift-module-cross-import AppIntents /Applications/Xcode.app/Contents/Developer/Platforms/WatchSimulator.platform/Developer/SDKs/WatchSimulator26.2.sdk/System/Library/Frameworks/AppIntents.framework/Modules/AppIntents.swiftcrossimport/UIKit.swiftoverlay -swift-module-cross-import ClockKit /Applications/Xcode.app/Contents/Developer/Platforms/WatchSimulator.platform/Developer/SDKs/WatchSimulator.sdk/System/Library/Frameworks/ClockKit.framework/Modules/ClockKit.swiftcrossimport/SwiftUI.swiftoverlay -swift-module-cross-import ClockKit /Applications/Xcode.app/Contents/Developer/Platforms/WatchSimulator.platform/Developer/SDKs/WatchSimulator26.2.sdk/System/Library/Frameworks/ClockKit.framework/Modules/ClockKit.swiftcrossimport/SwiftUI.swiftoverlay -swift-module-cross-import RelevanceKit /Applications/Xcode.app/Contents/Developer/Platforms/WatchSimulator.platform/Developer/SDKs/WatchSimulator.sdk/System/Library/Frameworks/RelevanceKit.framework/Modules/RelevanceKit.swiftcrossimport/MapKit.swiftoverlay -swift-module-cross-import RelevanceKit /Applications/Xcode.app/Contents/Developer/Platforms/WatchSimulator.platform/Developer/SDKs/WatchSimulator26.2.sdk/System/Library/Frameworks/RelevanceKit.framework/Modules/RelevanceKit.swiftcrossimport/MapKit.swiftoverlay -swift-module-cross-import WatchKit /Applications/Xcode.app/Contents/Developer/Platforms/WatchSimulator.platform/Developer/SDKs/WatchSimulator.sdk/System/Library/Frameworks/WatchKit.framework/Modules/WatchKit.swiftcrossimport/SwiftUI.swiftoverlay -load-resolved-plugin /Applications/Xcode.app/Contents/Developer/Platforms/WatchOS.platform/Developer/usr/lib/swift/host/plugins/libAppIntentsMacros.dylib\#/Applications/Xcode.app/Contents/Developer/Platforms/WatchOS.platform/Developer/usr/bin/swift-plugin-server\#AppIntentsMacros -load-resolved-plugin /Applications/Xcode.app/Contents/Developer/Platforms/WatchOS.platform/Developer/usr/lib/swift/host/plugins/libFoundationMacros.dylib\#/Applications/Xcode.app/Contents/Developer/Platforms/WatchOS.platform/Developer/usr/bin/swift-plugin-server\#FoundationMacros -load-resolved-plugin /Applications/Xcode.app/Contents/Developer/Platforms/WatchOS.platform/Developer/usr/lib/swift/host/plugins/libObservationMacros.dylib\#/Applications/Xcode.app/Contents/Developer/Platforms/WatchOS.platform/Developer/usr/bin/swift-plugin-server\#ObservationMacros -load-resolved-plugin /Applications/Xcode.app/Contents/Developer/Platforms/WatchOS.platform/Developer/usr/lib/swift/host/plugins/libPreviewsMacros.dylib\#/Applications/Xcode.app/Contents/Developer/Platforms/WatchOS.platform/Developer/usr/bin/swift-plugin-server\#PreviewsMacros -load-resolved-plugin /Applications/Xcode.app/Contents/Developer/Platforms/WatchOS.platform/Developer/usr/lib/swift/host/plugins/libSwiftMacros.dylib\#/Applications/Xcode.app/Contents/Developer/Platforms/WatchOS.platform/Developer/usr/bin/swift-plugin-server\#SwiftMacros -load-resolved-plugin /Applications/Xcode.app/Contents/Developer/Platforms/WatchOS.platform/Developer/usr/lib/swift/host/plugins/libSwiftUIMacros.dylib\#/Applications/Xcode.app/Contents/Developer/Platforms/WatchOS.platform/Developer/usr/bin/swift-plugin-server\#SwiftUIMacros -disable-implicit-swift-modules -Xcc -fno-implicit-modules -Xcc -fno-implicit-module-maps -explicit-swift-module-map-file /Users/matheusrech/Library/Developer/Xcode/DerivedData/Stoic_Companion-adgxypzlwlmgincoxyzqezjxixfr/Build/Intermediates.noindex/Stoic_Companion.build/Debug-watchsimulator/Stoic_Companion\ Watch\ App.build/Objects-normal/x86_64/Stoic_Companion_Watch_App-dependencies-2.json -enable-objc-interop -sdk /Applications/Xcode.app/Contents/Developer/Platforms/WatchSimulator.platform/Developer/SDKs/WatchSimulator26.2.sdk -I /Users/matheusrech/Library/Developer/Xcode/DerivedData/Stoic_Companion-adgxypzlwlmgincoxyzqezjxixfr/Build/Products/Debug-watchsimulator -F /Users/matheusrech/Library/Developer/Xcode/DerivedData/Stoic_Companion-adgxypzlwlmgincoxyzqezjxixfr/Build/Products/Debug-watchsimulator -no-color-diagnostics -Xcc -fno-color-diagnostics -enable-testing -g -debug-info-format\=dwarf -dwarf-version\=4 -module-cache-path /Users/matheusrech/Library/Developer/Xcode/DerivedData/Stoic_Companion-adgxypzlwlmgincoxyzqezjxixfr/Build/Intermediates.noindex/SwiftExplicitPrecompiledModules -profile-generate -profile-coverage-mapping -swift-version 5 -enforce-exclusivity\=checked -Onone -D DEBUG -serialize-debugging-options -const-gather-protocols-file /Users/matheusrech/Library/Developer/Xcode/DerivedData/Stoic_Companion-adgxypzlwlmgincoxyzqezjxixfr/Build/Intermediates.noindex/Stoic_Companion.build/Debug-watchsimulator/Stoic_Companion\ Watch\ App.build/Objects-normal/x86_64/Stoic_Companion\ Watch\ App_const_extract_protocols.json -enable-upcoming-feature DisableOutwardActorInference -enable-upcoming-feature InferSendableFromCaptures -enable-upcoming-feature GlobalActorIsolatedTypesUsability -enable-upcoming-feature MemberImportVisibility -enable-upcoming-feature InferIsolatedConformances -enable-upcoming-feature NonisolatedNonsendingByDefault -enable-experimental-feature DebugDescriptionMacro -enable-bare-slash-regex -default-isolation\=MainActor -empty-abi-descriptor -validate-clang-modules-once -clang-build-session-file /Users/matheusrech/Library/Developer/Xcode/DerivedData/ModuleCache.noindex/Session.modulevalidation -Xcc -working-directory -Xcc /Users/matheusrech/Downloads/antigtravity/StoicCompanion/Stoic_Companion -enable-anonymous-context-mangled-names -file-compilation-dir /Users/matheusrech/Downloads/antigtravity/StoicCompanion/Stoic_Companion -Xcc -D_LIBCPP_HARDENING_MODE\=_LIBCPP_HARDENING_MODE_DEBUG -Xcc -ivfsstatcache -Xcc /Users/matheusrech/Library/Developer/Xcode/DerivedData/SDKStatCaches.noindex/watchsimulator26.2-23S303-963ebdd26732d23a23bcca82c2045e26.sdkstatcache -Xcc -I/Users/matheusrech/Library/Developer/Xcode/DerivedData/Stoic_Companion-adgxypzlwlmgincoxyzqezjxixfr/Build/Intermediates.noindex/Stoic_Companion.build/Debug-watchsimulator/Stoic_Companion\ Watch\ App.build/swift-overrides.hmap -Xcc -iquote -Xcc /Users/matheusrech/Library/Developer/Xcode/DerivedData/Stoic_Companion-adgxypzlwlmgincoxyzqezjxixfr/Build/Intermediates.noindex/Stoic_Companion.build/Debug-watchsimulator/Stoic_Companion\ Watch\ App.build/Stoic_Companion\ Watch\ App-generated-files.hmap -Xcc -I/Users/matheusrech/Library/Developer/Xcode/DerivedData/Stoic_Companion-adgxypzlwlmgincoxyzqezjxixfr/Build/Intermediates.noindex/Stoic_Companion.build/Debug-watchsimulator/Stoic_Companion\ Watch\ App.build/Stoic_Companion\ Watch\ App-own-target-headers.hmap -Xcc -I/Users/matheusrech/Library/Developer/Xcode/DerivedData/Stoic_Companion-adgxypzlwlmgincoxyzqezjxixfr/Build/Intermediates.noindex/Stoic_Companion.build/Debug-watchsimulator/Stoic_Companion\ Watch\ App.build/Stoic_Companion\ Watch\ App-all-target-headers.hmap -Xcc -iquote -Xcc /Users/matheusrech/Library/Developer/Xcode/DerivedData/Stoic_Companion-adgxypzlwlmgincoxyzqezjxixfr/Build/Intermediates.noindex/Stoic_Companion.build/Debug-watchsimulator/Stoic_Companion\ Watch\ App.build/Stoic_Companion\ Watch\ App-project-headers.hmap -Xcc -I/Users/matheusrech/Library/Developer/Xcode/DerivedData/Stoic_Companion-adgxypzlwlmgincoxyzqezjxixfr/Build/Products/Debug-watchsimulator/include -Xcc -I/Users/matheusrech/Library/Developer/Xcode/DerivedData/Stoic_Companion-adgxypzlwlmgincoxyzqezjxixfr/Build/Intermediates.noindex/Stoic_Companion.build/Debug-watchsimulator/Stoic_Companion\ Watch\ App.build/DerivedSources-normal/x86_64 -Xcc -I/Users/matheusrech/Library/Developer/Xcode/DerivedData/Stoic_Companion-adgxypzlwlmgincoxyzqezjxixfr/Build/Intermediates.noindex/Stoic_Companion.build/Debug-watchsimulator/Stoic_Companion\ Watch\ App.build/DerivedSources/x86_64 -Xcc -I/Users/matheusrech/Library/Developer/Xcode/DerivedData/Stoic_Companion-adgxypzlwlmgincoxyzqezjxixfr/Build/Intermediates.noindex/Stoic_Companion.build/Debug-watchsimulator/Stoic_Companion\ Watch\ App.build/DerivedSources -Xcc -DDEBUG\=1 -no-auto-bridging-header-chaining -module-name Stoic_Companion_Watch_App -frontend-parseable-output -disable-clang-spi -target-sdk-version 26.2 -target-sdk-name watchsimulator26.2 -clang-target x86_64-apple-watchos26.2-simulator -in-process-plugin-server-path /Applications/Xcode.app/Contents/Developer/Toolchains/XcodeDefault.xctoolchain/usr/lib/swift/host/libSwiftInProcPluginServer.dylib -o /Users/matheusrech/Library/Developer/Xcode/DerivedData/Stoic_Companion-adgxypzlwlmgincoxyzqezjxixfr/Build/Intermediates.noindex/Stoic_Companion.build/Debug-watchsimulator/Stoic_Companion\ Watch\ App.build/Objects-normal/x86_64/ComplicationController.o -o /Users/matheusrech/Library/Developer/Xcode/DerivedData/Stoic_Companion-adgxypzlwlmgincoxyzqezjxixfr/Build/Intermediates.noindex/Stoic_Companion.build/Debug-watchsimulator/Stoic_Companion\ Watch\ App.build/Objects-normal/x86_64/ToolsGridView.o -o /Users/matheusrech/Library/Developer/Xcode/DerivedData/Stoic_Companion-adgxypzlwlmgincoxyzqezjxixfr/Build/Intermediates.noindex/Stoic_Companion.build/Debug-watchsimulator/Stoic_Companion\ Watch\ App.build/Objects-normal/x86_64/OpenAIService.o -index-unit-output-path /Stoic_Companion.build/Debug-watchsimulator/Stoic_Companion\ Watch\ App.build/Objects-normal/x86_64/ComplicationController.o -index-unit-output-path /Stoic_Companion.build/Debug-watchsimulator/Stoic_Companion\ Watch\ App.build/Objects-normal/x86_64/ToolsGridView.o -index-unit-output-path /Stoic_Companion.build/Debug-watchsimulator/Stoic_Companion\ Watch\ App.build/Objects-normal/x86_64/OpenAIService.o -index-store-path /Users/matheusrech/Library/Developer/Xcode/DerivedData/Stoic_Companion-adgxypzlwlmgincoxyzqezjxixfr/Index.noindex/DataStore -index-system-modules

SwiftCompile normal x86_64 /Users/matheusrech/Downloads/antigtravity/StoicCompanion/Stoic_Companion/Stoic_Companion\ Watch\ App/ComplicationController.swift (in target 'Stoic_Companion Watch App' from project 'Stoic_Companion')
    cd /Users/matheusrech/Downloads/antigtravity/StoicCompanion/Stoic_Companion
    
/Users/matheusrech/Downloads/antigtravity/StoicCompanion/Stoic_Companion/Stoic_Companion Watch App/ComplicationController.swift:54:13: warning: result of call to 'fallback()' is unused
            fallback()
            ^       ~~
/Users/matheusrech/Downloads/antigtravity/StoicCompanion/Stoic_Companion/Stoic_Companion Watch App/ComplicationController.swift:31:9: warning: switch must be exhaustive
        switch complication.family {
        ^
/Users/matheusrech/Downloads/antigtravity/StoicCompanion/Stoic_Companion/Stoic_Companion Watch App/ComplicationController.swift:31:9: note: add missing case: '.utilitarianSmallFlat'
        switch complication.family {
        ^
/Users/matheusrech/Downloads/antigtravity/StoicCompanion/Stoic_Companion/Stoic_Companion Watch App/ComplicationController.swift:31:9: note: add missing case: '.extraLarge'
        switch complication.family {
        ^
/Users/matheusrech/Downloads/antigtravity/StoicCompanion/Stoic_Companion/Stoic_Companion Watch App/ComplicationController.swift:31:9: note: add missing cases
        switch complication.family {
        ^
/Users/matheusrech/Downloads/antigtravity/StoicCompanion/Stoic_Companion/Stoic_Companion Watch App/ComplicationController.swift:63:24: warning: 'init()' was deprecated in watchOS 7.0: Initializing a template without parameters is deprecated in watchOS 7.0. Use an init with parameters instead.
        let template = CLKComplicationTemplateModularSmallSimpleImage()
                       ^
/Users/matheusrech/Downloads/antigtravity/StoicCompanion/Stoic_Companion/Stoic_Companion Watch App/ComplicationController.swift:69:24: warning: 'init()' was deprecated in watchOS 7.0: Initializing a template without parameters is deprecated in watchOS 7.0. Use an init with parameters instead.
        let template = CLKComplicationTemplateModularLargeStandardBody()
                       ^
/Users/matheusrech/Downloads/antigtravity/StoicCompanion/Stoic_Companion/Stoic_Companion Watch App/ComplicationController.swift:76:24: warning: 'init()' was deprecated in watchOS 7.0: Initializing a template without parameters is deprecated in watchOS 7.0. Use an init with parameters instead.
        let template = CLKComplicationTemplateUtilitarianSmallSquare()
                       ^
/Users/matheusrech/Downloads/antigtravity/StoicCompanion/Stoic_Companion/Stoic_Companion Watch App/ComplicationController.swift:82:24: warning: 'init()' was deprecated in watchOS 7.0: Initializing a template without parameters is deprecated in watchOS 7.0. Use an init with parameters instead.
        let template = CLKComplicationTemplateUtilitarianLargeFlat()
                       ^
/Users/matheusrech/Downloads/antigtravity/StoicCompanion/Stoic_Companion/Stoic_Companion Watch App/ComplicationController.swift:89:24: warning: 'init()' was deprecated in watchOS 7.0: Initializing a template without parameters is deprecated in watchOS 7.0. Use an init with parameters instead.
        let template = CLKComplicationTemplateCircularSmallSimpleImage()
                       ^
/Users/matheusrech/Downloads/antigtravity/StoicCompanion/Stoic_Companion/Stoic_Companion Watch App/ComplicationController.swift:95:24: warning: 'init()' was deprecated in watchOS 7.0: Initializing a template without parameters is deprecated in watchOS 7.0. Use an init with parameters instead.
        let template = CLKComplicationTemplateGraphicCornerTextImage()
                       ^
/Users/matheusrech/Downloads/antigtravity/StoicCompanion/Stoic_Companion/Stoic_Companion Watch App/ComplicationController.swift:102:24: warning: 'init()' was deprecated in watchOS 7.0: Initializing a template without parameters is deprecated in watchOS 7.0. Use an init with parameters instead.
        let template = CLKComplicationTemplateGraphicCircularImage()
                       ^
/Users/matheusrech/Downloads/antigtravity/StoicCompanion/Stoic_Companion/Stoic_Companion Watch App/ComplicationController.swift:108:24: warning: 'init()' was deprecated in watchOS 7.0: Initializing a template without parameters is deprecated in watchOS 7.0. Use an init with parameters instead.
        let template = CLKComplicationTemplateGraphicRectangularStandardBody()
                       ^
/Users/matheusrech/Downloads/antigtravity/StoicCompanion/Stoic_Companion/Stoic_Companion Watch App/ComplicationController.swift:115:32: warning: 'init()' was deprecated in watchOS 7.0: Initializing a template without parameters is deprecated in watchOS 7.0. Use an init with parameters instead.
        let circularTemplate = CLKComplicationTemplateGraphicCircularImage()
                               ^
/Users/matheusrech/Downloads/antigtravity/StoicCompanion/Stoic_Companion/Stoic_Companion Watch App/ComplicationController.swift:118:24: warning: 'init()' was deprecated in watchOS 7.0: Initializing a template without parameters is deprecated in watchOS 7.0. Use an init with parameters instead.
        let template = CLKComplicationTemplateGraphicBezelCircularText()
                       ^
/Users/matheusrech/Downloads/antigtravity/StoicCompanion/Stoic_Companion/Stoic_Companion Watch App/ComplicationController.swift:126:24: warning: 'init()' was deprecated in watchOS 7.0: Initializing a template without parameters is deprecated in watchOS 7.0. Use an init with parameters instead.
        let template = CLKComplicationTemplateGraphicExtraLargeCircularImage()
                       ^

SwiftCompile normal x86_64 /Users/matheusrech/Downloads/antigtravity/StoicCompanion/Stoic_Companion/Stoic_Companion\ Watch\ App/ToolsGridView.swift (in target 'Stoic_Companion Watch App' from project 'Stoic_Companion')
    cd /Users/matheusrech/Downloads/antigtravity/StoicCompanion/Stoic_Companion
    
/Users/matheusrech/Downloads/antigtravity/StoicCompanion/Stoic_Companion/Stoic_Companion Watch App/ToolsGridView.swift:31:112: error: cannot find 'PersonalizedStoriesView' in scope
        StoicTool(name: "Your Story", shortName: "Story", icon: "sparkles", color: .mint, destination: AnyView(PersonalizedStoriesView())),
                                                                                                               ^~~~~~~~~~~~~~~~~~~~~~~

SwiftCompile normal x86_64 /Users/matheusrech/Downloads/antigtravity/StoicCompanion/Stoic_Companion/Stoic_Companion\ Watch\ App/OpenAIService.swift (in target 'Stoic_Companion Watch App' from project 'Stoic_Companion')
    cd /Users/matheusrech/Downloads/antigtravity/StoicCompanion/Stoic_Companion
    

SwiftCompile normal x86_64 Compiling\ JournalView.swift,\ VirtueLoggingView.swift,\ StoicIntents.swift /Users/matheusrech/Downloads/antigtravity/StoicCompanion/Stoic_Companion/Stoic_Companion\ Watch\ App/JournalView.swift /Users/matheusrech/Downloads/antigtravity/StoicCompanion/Stoic_Companion/Stoic_Companion\ Watch\ App/VirtueLoggingView.swift /Users/matheusrech/Downloads/antigtravity/StoicCompanion/Stoic_Companion/Stoic_Companion\ Watch\ App/StoicIntents.swift (in target 'Stoic_Companion Watch App' from project 'Stoic_Companion')
SwiftCompile normal x86_64 /Users/matheusrech/Downloads/antigtravity/StoicCompanion/Stoic_Companion/Stoic_Companion\ Watch\ App/JournalView.swift (in target 'Stoic_Companion Watch App' from project 'Stoic_Companion')
    cd /Users/matheusrech/Downloads/antigtravity/StoicCompanion/Stoic_Companion
    

SwiftCompile normal x86_64 /Users/matheusrech/Downloads/antigtravity/StoicCompanion/Stoic_Companion/Stoic_Companion\ Watch\ App/VirtueLoggingView.swift (in target 'Stoic_Companion Watch App' from project 'Stoic_Companion')
    cd /Users/matheusrech/Downloads/antigtravity/StoicCompanion/Stoic_Companion
    

SwiftCompile normal x86_64 /Users/matheusrech/Downloads/antigtravity/StoicCompanion/Stoic_Companion/Stoic_Companion\ Watch\ App/StoicIntents.swift (in target 'Stoic_Companion Watch App' from project 'Stoic_Companion')
    cd /Users/matheusrech/Downloads/antigtravity/StoicCompanion/Stoic_Companion
    

SwiftCompile normal x86_64 Compiling\ ClaudeService.swift,\ ChallengesView.swift,\ LLMService.swift /Users/matheusrech/Downloads/antigtravity/StoicCompanion/Stoic_Companion/Stoic_Companion\ Watch\ App/ClaudeService.swift /Users/matheusrech/Downloads/antigtravity/StoicCompanion/Stoic_Companion/Stoic_Companion\ Watch\ App/ChallengesView.swift /Users/matheusrech/Downloads/antigtravity/StoicCompanion/Stoic_Companion/Stoic_Companion\ Watch\ App/LLMService.swift (in target 'Stoic_Companion Watch App' from project 'Stoic_Companion')
SwiftCompile normal x86_64 /Users/matheusrech/Downloads/antigtravity/StoicCompanion/Stoic_Companion/Stoic_Companion\ Watch\ App/ClaudeService.swift (in target 'Stoic_Companion Watch App' from project 'Stoic_Companion')
    cd /Users/matheusrech/Downloads/antigtravity/StoicCompanion/Stoic_Companion
    

SwiftCompile normal x86_64 /Users/matheusrech/Downloads/antigtravity/StoicCompanion/Stoic_Companion/Stoic_Companion\ Watch\ App/ChallengesView.swift (in target 'Stoic_Companion Watch App' from project 'Stoic_Companion')
    cd /Users/matheusrech/Downloads/antigtravity/StoicCompanion/Stoic_Companion
    

SwiftCompile normal x86_64 /Users/matheusrech/Downloads/antigtravity/StoicCompanion/Stoic_Companion/Stoic_Companion\ Watch\ App/LLMService.swift (in target 'Stoic_Companion Watch App' from project 'Stoic_Companion')
    cd /Users/matheusrech/Downloads/antigtravity/StoicCompanion/Stoic_Companion
    

SwiftEmitModule normal x86_64 Emitting\ module\ for\ Stoic_Companion_Watch_App (in target 'Stoic_Companion Watch App' from project 'Stoic_Companion')

EmitSwiftModule normal x86_64 (in target 'Stoic_Companion Watch App' from project 'Stoic_Companion')
    cd /Users/matheusrech/Downloads/antigtravity/StoicCompanion/Stoic_Companion
    

SwiftCompile normal x86_64 Compiling\ FavoritesView.swift,\ SettingsView.swift,\ EveningAuditView.swift /Users/matheusrech/Downloads/antigtravity/StoicCompanion/Stoic_Companion/Stoic_Companion\ Watch\ App/FavoritesView.swift /Users/matheusrech/Downloads/antigtravity/StoicCompanion/Stoic_Companion/Stoic_Companion\ Watch\ App/SettingsView.swift /Users/matheusrech/Downloads/antigtravity/StoicCompanion/Stoic_Companion/Stoic_Companion\ Watch\ App/EveningAuditView.swift (in target 'Stoic_Companion Watch App' from project 'Stoic_Companion')
SwiftCompile normal x86_64 /Users/matheusrech/Downloads/antigtravity/StoicCompanion/Stoic_Companion/Stoic_Companion\ Watch\ App/FavoritesView.swift (in target 'Stoic_Companion Watch App' from project 'Stoic_Companion')
    cd /Users/matheusrech/Downloads/antigtravity/StoicCompanion/Stoic_Companion
    

SwiftCompile normal x86_64 /Users/matheusrech/Downloads/antigtravity/StoicCompanion/Stoic_Companion/Stoic_Companion\ Watch\ App/SettingsView.swift (in target 'Stoic_Companion Watch App' from project 'Stoic_Companion')
    cd /Users/matheusrech/Downloads/antigtravity/StoicCompanion/Stoic_Companion
    

SwiftCompile normal x86_64 /Users/matheusrech/Downloads/antigtravity/StoicCompanion/Stoic_Companion/Stoic_Companion\ Watch\ App/EveningAuditView.swift (in target 'Stoic_Companion Watch App' from project 'Stoic_Companion')
    cd /Users/matheusrech/Downloads/antigtravity/StoicCompanion/Stoic_Companion
    

SwiftCompile normal arm64 Compiling\ ClaudeService.swift,\ ChallengesView.swift,\ LLMService.swift /Users/matheusrech/Downloads/antigtravity/StoicCompanion/Stoic_Companion/Stoic_Companion\ Watch\ App/ClaudeService.swift /Users/matheusrech/Downloads/antigtravity/StoicCompanion/Stoic_Companion/Stoic_Companion\ Watch\ App/ChallengesView.swift /Users/matheusrech/Downloads/antigtravity/StoicCompanion/Stoic_Companion/Stoic_Companion\ Watch\ App/LLMService.swift (in target 'Stoic_Companion Watch App' from project 'Stoic_Companion')

SwiftCompile normal arm64 /Users/matheusrech/Downloads/antigtravity/StoicCompanion/Stoic_Companion/Stoic_Companion\ Watch\ App/ClaudeService.swift (in target 'Stoic_Companion Watch App' from project 'Stoic_Companion')
    cd /Users/matheusrech/Downloads/antigtravity/StoicCompanion/Stoic_Companion
    

SwiftCompile normal arm64 /Users/matheusrech/Downloads/antigtravity/StoicCompanion/Stoic_Companion/Stoic_Companion\ Watch\ App/ChallengesView.swift (in target 'Stoic_Companion Watch App' from project 'Stoic_Companion')
    cd /Users/matheusrech/Downloads/antigtravity/StoicCompanion/Stoic_Companion
    

SwiftCompile normal arm64 /Users/matheusrech/Downloads/antigtravity/StoicCompanion/Stoic_Companion/Stoic_Companion\ Watch\ App/LLMService.swift (in target 'Stoic_Companion Watch App' from project 'Stoic_Companion')
    cd /Users/matheusrech/Downloads/antigtravity/StoicCompanion/Stoic_Companion
    

SwiftCompile normal x86_64 Compiling\ MementoMoriView.swift,\ BreathingView.swift,\ NegativeVisualizationView.swift /Users/matheusrech/Downloads/antigtravity/StoicCompanion/Stoic_Companion/Stoic_Companion\ Watch\ App/MementoMoriView.swift /Users/matheusrech/Downloads/antigtravity/StoicCompanion/Stoic_Companion/Stoic_Companion\ Watch\ App/BreathingView.swift /Users/matheusrech/Downloads/antigtravity/StoicCompanion/Stoic_Companion/Stoic_Companion\ Watch\ App/NegativeVisualizationView.swift (in target 'Stoic_Companion Watch App' from project 'Stoic_Companion')

SwiftCompile normal x86_64 /Users/matheusrech/Downloads/antigtravity/StoicCompanion/Stoic_Companion/Stoic_Companion\ Watch\ App/MementoMoriView.swift (in target 'Stoic_Companion Watch App' from project 'Stoic_Companion')
    cd /Users/matheusrech/Downloads/antigtravity/StoicCompanion/Stoic_Companion
    

SwiftCompile normal x86_64 /Users/matheusrech/Downloads/antigtravity/StoicCompanion/Stoic_Companion/Stoic_Companion\ Watch\ App/BreathingView.swift (in target 'Stoic_Companion Watch App' from project 'Stoic_Companion')
    cd /Users/matheusrech/Downloads/antigtravity/StoicCompanion/Stoic_Companion
    

SwiftCompile normal x86_64 /Users/matheusrech/Downloads/antigtravity/StoicCompanion/Stoic_Companion/Stoic_Companion\ Watch\ App/NegativeVisualizationView.swift (in target 'Stoic_Companion Watch App' from project 'Stoic_Companion')
    cd /Users/matheusrech/Downloads/antigtravity/StoicCompanion/Stoic_Companion
    

SwiftEmitModule normal arm64 Emitting\ module\ for\ Stoic_Companion_Watch_App (in target 'Stoic_Companion Watch App' from project 'Stoic_Companion')

EmitSwiftModule normal arm64 (in target 'Stoic_Companion Watch App' from project 'Stoic_Companion')
    cd /Users/matheusrech/Downloads/antigtravity/StoicCompanion/Stoic_Companion
    

SwiftCompile normal arm64 Compiling\ HistoryView.swift,\ Stoic_CompanionApp.swift /Users/matheusrech/Downloads/antigtravity/StoicCompanion/Stoic_Companion/Stoic_Companion\ Watch\ App/HistoryView.swift /Users/matheusrech/Downloads/antigtravity/StoicCompanion/Stoic_Companion/Stoic_Companion\ Watch\ App/Stoic_CompanionApp.swift (in target 'Stoic_Companion Watch App' from project 'Stoic_Companion')

** BUILD FAILED **


The following build commands failed:
	SwiftCompile normal x86_64 Compiling\ ComplicationController.swift,\ ToolsGridView.swift,\ OpenAIService.swift /Users/matheusrech/Downloads/antigtravity/StoicCompanion/Stoic_Companion/Stoic_Companion\ Watch\ App/ComplicationController.swift /Users/matheusrech/Downloads/antigtravity/StoicCompanion/Stoic_Companion/Stoic_Companion\ Watch\ App/ToolsGridView.swift /Users/matheusrech/Downloads/antigtravity/StoicCompanion/Stoic_Companion/Stoic_Companion\ Watch\ App/OpenAIService.swift (in target 'Stoic_Companion Watch App' from project 'Stoic_Companion')
	SwiftCompile normal x86_64 /Users/matheusrech/Downloads/antigtravity/StoicCompanion/Stoic_Companion/Stoic_Companion\ Watch\ App/ToolsGridView.swift (in target 'Stoic_Companion Watch App' from project 'Stoic_Companion')
	Building project Stoic_Companion with scheme Stoic_Companion Watch App
(3 failures)
